<?xml version="1.0" encoding="UTF-8"?>
<!-- Generated by org.testng.reporters.JUnitXMLReporter -->
<testsuite ignored="0" hostname="AMRITESHs-MacBook-Air.local" failures="0" tests="8" name="Surefire test" time="13.382" errors="0" timestamp="2025-06-24T14:15:18 IST">
  <testcase classname="api.tests.DDTests" name="testPostUsers" time="2.257"/>
  <testcase classname="api.tests.DDTests" name="testPostUsers" time="1.452"/>
  <testcase classname="api.tests.DDTests" name="testPostUsers" time="1.385"/>
  <testcase classname="api.tests.DDTests" name="testPostUsers" time="1.328"/>
  <testcase classname="api.tests.DDTests" name="testDeleteUsers" time="1.582"/>
  <testcase classname="api.tests.DDTests" name="testDeleteUsers" time="1.431"/>
  <testcase classname="api.tests.DDTests" name="testDeleteUsers" time="1.432"/>
  <testcase classname="api.tests.DDTests" name="testDeleteUsers" time="1.535"/>
</testsuite> <!-- Surefire test -->
