<?xml version="1.0" encoding="UTF-8"?>
<!-- Generated by org.testng.reporters.JUnitXMLReporter -->
<testsuite ignored="0" hostname="AMRITESHs-MacBook-Air.local" failures="0" tests="4" name="Default test" time="10.629" errors="0" timestamp="2025-06-27T15:32:14 IST">
  <testcase classname="api.tests.StoreTest" name="testGetStoreInventory" time="4.061"/>
  <testcase classname="api.tests.StoreTest" name="testPlaceOrder" time="2.359"/>
  <testcase classname="api.tests.StoreTest" name="testGetOrderInfo" time="1.499"/>
  <testcase classname="api.tests.StoreTest" name="testDeleteOrder" time="1.622"/>
</testsuite> <!-- Default test -->
