<?xml version="1.0" encoding="UTF-8"?>
<!-- Generated by org.testng.reporters.JUnitXMLReporter -->
<testsuite ignored="0" hostname="AMRITESHs-MacBook-Air.local" failures="0" tests="8" name="Default test" time="17.577" errors="0" timestamp="2025-06-23T16:13:49 IST">
  <testcase classname="api.tests.DDTests" name="testPostUsers" time="4.099"/>
  <testcase classname="api.tests.DDTests" name="testPostUsers" time="1.491"/>
  <testcase classname="api.tests.DDTests" name="testPostUsers" time="1.411"/>
  <testcase classname="api.tests.DDTests" name="testPostUsers" time="1.431"/>
  <testcase classname="api.tests.DDTests" name="testDeleteUsers" time="1.721"/>
  <testcase classname="api.tests.DDTests" name="testDeleteUsers" time="1.283"/>
  <testcase classname="api.tests.DDTests" name="testDeleteUsers" time="1.533"/>
  <testcase classname="api.tests.DDTests" name="testDeleteUsers" time="1.354"/>
</testsuite> <!-- Default test -->
