<?xml version="1.0" encoding="UTF-8"?>
<testng-results ignored="0" total="4" passed="4" failed="0" skipped="0">
  <reporter-output>
  </reporter-output>
  <suite started-at="2025-06-28T00:31:54 IST" name="PetSuite" finished-at="2025-06-28T00:32:02 IST" duration-ms="7313">
    <groups>
    </groups>
    <test started-at="2025-06-28T00:31:54 IST" name="PetTest" finished-at="2025-06-28T00:32:02 IST" duration-ms="7313">
      <class name="api.tests.StoreTest">
        <test-method is-config="true" signature="setUpdata()[pri:0, instance:api.tests.StoreTest@3c22fc4c]" started-at="2025-06-28T00:31:54 IST" name="setUpdata" finished-at="2025-06-28T00:31:55 IST" duration-ms="293" status="PASS">
          <reporter-output>
          </reporter-output>
        </test-method> <!-- setUpdata -->
        <test-method signature="testGetStoreInventory()[pri:1, instance:api.tests.StoreTest@3c22fc4c]" started-at="2025-06-28T00:31:55 IST" name="testGetStoreInventory" finished-at="2025-06-28T00:31:57 IST" duration-ms="2179" status="PASS">
          <reporter-output>
          </reporter-output>
        </test-method> <!-- testGetStoreInventory -->
        <test-method signature="testPlaceOrder()[pri:2, instance:api.tests.StoreTest@3c22fc4c]" started-at="2025-06-28T00:31:57 IST" name="testPlaceOrder" finished-at="2025-06-28T00:31:59 IST" duration-ms="1726" status="PASS">
          <reporter-output>
          </reporter-output>
        </test-method> <!-- testPlaceOrder -->
        <test-method signature="testGetOrderInfo()[pri:3, instance:api.tests.StoreTest@3c22fc4c]" started-at="2025-06-28T00:31:59 IST" name="testGetOrderInfo" finished-at="2025-06-28T00:32:00 IST" duration-ms="1568" status="PASS">
          <reporter-output>
          </reporter-output>
        </test-method> <!-- testGetOrderInfo -->
        <test-method signature="testDeleteOrder()[pri:4, instance:api.tests.StoreTest@3c22fc4c]" started-at="2025-06-28T00:32:00 IST" name="testDeleteOrder" finished-at="2025-06-28T00:32:02 IST" duration-ms="1429" status="PASS">
          <reporter-output>
          </reporter-output>
        </test-method> <!-- testDeleteOrder -->
      </class> <!-- api.tests.StoreTest -->
    </test> <!-- PetTest -->
  </suite> <!-- PetSuite -->
</testng-results>
