<?xml version="1.0" encoding="UTF-8"?>
<testng-results ignored="0" total="4" passed="4" failed="0" skipped="0">
  <reporter-output>
  </reporter-output>
  <suite started-at="2025-06-24T14:22:20 IST" name="PetSuite" finished-at="2025-06-24T14:22:35 IST" duration-ms="14570">
    <groups>
    </groups>
    <test started-at="2025-06-24T14:22:20 IST" name="PetTest" finished-at="2025-06-24T14:22:35 IST" duration-ms="14570">
      <class name="api.tests.UserTest2">
        <test-method is-config="true" signature="setUpData()[pri:0, instance:api.tests.UserTest2@121314f7]" started-at="2025-06-24T14:22:20 IST" name="setUpData" finished-at="2025-06-24T14:22:21 IST" duration-ms="1098" status="PASS">
          <reporter-output>
          </reporter-output>
        </test-method> <!-- setUpData -->
        <test-method signature="testPostUser()[pri:1, instance:api.tests.UserTest2@121314f7]" started-at="2025-06-24T14:22:21 IST" name="testPostUser" finished-at="2025-06-24T14:22:29 IST" duration-ms="7266" status="PASS">
          <reporter-output>
          </reporter-output>
        </test-method> <!-- testPostUser -->
        <test-method signature="testGetUserByName()[pri:2, instance:api.tests.UserTest2@121314f7]" started-at="2025-06-24T14:22:29 IST" name="testGetUserByName" finished-at="2025-06-24T14:22:30 IST" duration-ms="1478" status="PASS">
          <reporter-output>
          </reporter-output>
        </test-method> <!-- testGetUserByName -->
        <test-method signature="testUpdateUserByName()[pri:3, instance:api.tests.UserTest2@121314f7]" started-at="2025-06-24T14:22:30 IST" name="testUpdateUserByName" finished-at="2025-06-24T14:22:33 IST" duration-ms="2974" status="PASS">
          <reporter-output>
          </reporter-output>
        </test-method> <!-- testUpdateUserByName -->
        <test-method signature="testDeleteUserByName()[pri:4, instance:api.tests.UserTest2@121314f7]" started-at="2025-06-24T14:22:33 IST" name="testDeleteUserByName" finished-at="2025-06-24T14:22:34 IST" duration-ms="1321" status="PASS">
          <reporter-output>
          </reporter-output>
        </test-method> <!-- testDeleteUserByName -->
      </class> <!-- api.tests.UserTest2 -->
    </test> <!-- PetTest -->
  </suite> <!-- PetSuite -->
</testng-results>
