<?xml version="1.0" encoding="UTF-8"?>
<testng-results ignored="0" total="4" passed="4" failed="0" skipped="0">
  <reporter-output>
  </reporter-output>
  <suite started-at="2025-06-24T10:07:49 IST" name="PetSuite" finished-at="2025-06-24T10:08:01 IST" duration-ms="11795">
    <groups>
    </groups>
    <test started-at="2025-06-24T10:07:49 IST" name="PetTest" finished-at="2025-06-24T10:08:01 IST" duration-ms="11795">
      <class name="api.tests.UserTest2">
        <test-method is-config="true" signature="setUpData()[pri:0, instance:api.tests.UserTest2@17fc391b]" started-at="2025-06-24T10:07:49 IST" name="setUpData" finished-at="2025-06-24T10:07:51 IST" duration-ms="1356" status="PASS">
          <reporter-output>
          </reporter-output>
        </test-method> <!-- setUpData -->
        <test-method signature="testPostUser()[pri:1, instance:api.tests.UserTest2@17fc391b]" started-at="2025-06-24T10:07:51 IST" name="testPostUser" finished-at="2025-06-24T10:07:55 IST" duration-ms="4373" status="PASS">
          <reporter-output>
          </reporter-output>
        </test-method> <!-- testPostUser -->
        <test-method signature="testGetUserByName()[pri:2, instance:api.tests.UserTest2@17fc391b]" started-at="2025-06-24T10:07:55 IST" name="testGetUserByName" finished-at="2025-06-24T10:07:57 IST" duration-ms="1407" status="PASS">
          <reporter-output>
          </reporter-output>
        </test-method> <!-- testGetUserByName -->
        <test-method signature="testUpdateUserByName()[pri:3, instance:api.tests.UserTest2@17fc391b]" started-at="2025-06-24T10:07:57 IST" name="testUpdateUserByName" finished-at="2025-06-24T10:07:59 IST" duration-ms="2812" status="PASS">
          <reporter-output>
          </reporter-output>
        </test-method> <!-- testUpdateUserByName -->
        <test-method signature="testDeleteUserByName()[pri:4, instance:api.tests.UserTest2@17fc391b]" started-at="2025-06-24T10:07:59 IST" name="testDeleteUserByName" finished-at="2025-06-24T10:08:01 IST" duration-ms="1360" status="PASS">
          <reporter-output>
          </reporter-output>
        </test-method> <!-- testDeleteUserByName -->
      </class> <!-- api.tests.UserTest2 -->
    </test> <!-- PetTest -->
  </suite> <!-- PetSuite -->
</testng-results>
