<?xml version="1.0" encoding="UTF-8"?>
<testng-results ignored="0" total="4" passed="4" failed="0" skipped="0">
  <reporter-output>
  </reporter-output>
  <suite started-at="2025-06-27T15:36:10 IST" name="PetSuite" finished-at="2025-06-27T15:36:22 IST" duration-ms="11410">
    <groups>
    </groups>
    <test started-at="2025-06-27T15:36:10 IST" name="PetTest" finished-at="2025-06-27T15:36:22 IST" duration-ms="11410">
      <class name="api.tests.StoreTest">
        <test-method is-config="true" signature="setUpdata()[pri:0, instance:api.tests.StoreTest@4082ba93]" started-at="2025-06-27T15:36:11 IST" name="setUpdata" finished-at="2025-06-27T15:36:12 IST" duration-ms="1068" status="PASS">
          <reporter-output>
          </reporter-output>
        </test-method> <!-- setUpdata -->
        <test-method signature="testGetStoreInventory()[pri:1, instance:api.tests.StoreTest@4082ba93]" started-at="2025-06-27T15:36:12 IST" name="testGetStoreInventory" finished-at="2025-06-27T15:36:16 IST" duration-ms="4277" status="PASS">
          <reporter-output>
          </reporter-output>
        </test-method> <!-- testGetStoreInventory -->
        <test-method signature="testPlaceOrder()[pri:2, instance:api.tests.StoreTest@4082ba93]" started-at="2025-06-27T15:36:16 IST" name="testPlaceOrder" finished-at="2025-06-27T15:36:19 IST" duration-ms="2436" status="PASS">
          <reporter-output>
          </reporter-output>
        </test-method> <!-- testPlaceOrder -->
        <test-method signature="testGetOrderInfo()[pri:3, instance:api.tests.StoreTest@4082ba93]" started-at="2025-06-27T15:36:19 IST" name="testGetOrderInfo" finished-at="2025-06-27T15:36:20 IST" duration-ms="1585" status="PASS">
          <reporter-output>
          </reporter-output>
        </test-method> <!-- testGetOrderInfo -->
        <test-method signature="testDeleteOrder()[pri:4, instance:api.tests.StoreTest@4082ba93]" started-at="2025-06-27T15:36:20 IST" name="testDeleteOrder" finished-at="2025-06-27T15:36:22 IST" duration-ms="1578" status="PASS">
          <reporter-output>
          </reporter-output>
        </test-method> <!-- testDeleteOrder -->
      </class> <!-- api.tests.StoreTest -->
    </test> <!-- PetTest -->
  </suite> <!-- PetSuite -->
</testng-results>
