<?xml version="1.0" encoding="UTF-8"?>
<!-- Generated by org.testng.reporters.JUnitXMLReporter -->
<testsuite ignored="0" hostname="AMRITESHs-MacBook-Air.local" failures="0" tests="4" name="PetTest" time="14.57" errors="0" timestamp="2025-06-24T14:22:35 IST">
  <testcase classname="api.tests.UserTest2" name="testPostUser" time="7.266"/>
  <testcase classname="api.tests.UserTest2" name="testGetUserByName" time="1.478"/>
  <testcase classname="api.tests.UserTest2" name="testUpdateUserByName" time="2.974"/>
  <testcase classname="api.tests.UserTest2" name="testDeleteUserByName" time="1.321"/>
</testsuite> <!-- PetTest -->
