<?xml version="1.0" encoding="UTF-8"?>
<!-- Generated by org.testng.reporters.JUnitXMLReporter -->
<testsuite ignored="0" hostname="AMRITESHs-MacBook-Air.local" failures="0" tests="4" name="PetTest" time="11.795" errors="0" timestamp="2025-06-24T10:08:01 IST">
  <testcase classname="api.tests.UserTest2" name="testPostUser" time="4.373"/>
  <testcase classname="api.tests.UserTest2" name="testGetUserByName" time="1.407"/>
  <testcase classname="api.tests.UserTest2" name="testUpdateUserByName" time="2.812"/>
  <testcase classname="api.tests.UserTest2" name="testDeleteUserByName" time="1.36"/>
</testsuite> <!-- PetTest -->
